c:\users\marak\ws\proj\c++\opengl\opengl\opengl\debug\vc143.pdb
c:\users\marak\ws\proj\c++\opengl\opengl\opengl\debug\vc143.idb
c:\users\marak\ws\proj\c++\opengl\opengl\opengl\debug\vertexbuffer.obj
c:\users\marak\ws\proj\c++\opengl\opengl\opengl\debug\renderer.obj
c:\users\marak\ws\proj\c++\opengl\opengl\opengl\debug\opengl.obj
c:\users\marak\ws\proj\c++\opengl\opengl\opengl\debug\indexbuffer.obj
c:\users\marak\ws\proj\c++\opengl\opengl\opengl\debug\vertexbufferlayout.obj
c:\users\marak\ws\proj\c++\opengl\opengl\opengl\debug\shader.obj
c:\users\marak\ws\proj\c++\opengl\opengl\opengl\debug\vertexarray.obj
c:\users\marak\ws\proj\c++\opengl\opengl\opengl\debug\texture.obj
c:\users\marak\ws\proj\c++\opengl\opengl\opengl\debug\stb_image.obj
c:\users\marak\ws\proj\c++\opengl\opengl\opengl\debug\opengl.ilk
c:\users\marak\ws\proj\c++\opengl\opengl\debug\opengl.pdb
c:\users\marak\ws\proj\c++\opengl\opengl\opengl\debug\opengl.tlog\cl.command.1.tlog
c:\users\marak\ws\proj\c++\opengl\opengl\opengl\debug\opengl.tlog\cl.items.tlog
c:\users\marak\ws\proj\c++\opengl\opengl\opengl\debug\opengl.tlog\cl.read.1.tlog
c:\users\marak\ws\proj\c++\opengl\opengl\opengl\debug\opengl.tlog\cl.write.1.tlog
c:\users\marak\ws\proj\c++\opengl\opengl\opengl\debug\opengl.tlog\link.12664-cvtres.read.1.tlog
c:\users\marak\ws\proj\c++\opengl\opengl\opengl\debug\opengl.tlog\link.12664-cvtres.write.1.tlog
c:\users\marak\ws\proj\c++\opengl\opengl\opengl\debug\opengl.tlog\link.12664-rc.read.1.tlog
c:\users\marak\ws\proj\c++\opengl\opengl\opengl\debug\opengl.tlog\link.12664-rc.write.1.tlog
c:\users\marak\ws\proj\c++\opengl\opengl\opengl\debug\opengl.tlog\link.12664.read.1.tlog
c:\users\marak\ws\proj\c++\opengl\opengl\opengl\debug\opengl.tlog\link.12664.write.1.tlog
c:\users\marak\ws\proj\c++\opengl\opengl\opengl\debug\opengl.tlog\link.command.1.tlog
c:\users\marak\ws\proj\c++\opengl\opengl\opengl\debug\opengl.tlog\link.read.1.tlog
c:\users\marak\ws\proj\c++\opengl\opengl\opengl\debug\opengl.tlog\link.secondary.1.tlog
c:\users\marak\ws\proj\c++\opengl\opengl\opengl\debug\opengl.tlog\link.write.1.tlog
